<?xml version="1.0" encoding="UTF-8"?>
<!-- Generated by org.testng.reporters.JUnitReportReporter -->
<testsuite hostname="DESKTOP-CI2T2L0" name="RestAssuredApiBase.TestBase" tests="1" failures="0" timestamp="27 May 2019 03:26:29 GMT" time="0.066" errors="0">
  <testcase name="setup" time="0.066" classname="RestAssuredApiBase.TestBase"/>
</testsuite> <!-- RestAssuredApiBase.TestBase -->
