<?xml version="1.0" encoding="UTF-8"?>
<!-- Generated by org.testng.reporters.JUnitReportReporter -->
<testsuite hostname="DESKTOP-CI2T2L0" name="RestAssuredApiDataProvider.DataProviderwithMethod" tests="3" failures="0" timestamp="10 Jun 2019 03:27:53 GMT" time="3.163" errors="0">
  <testcase name="postNewEmployer" time="0.250" classname="RestAssuredApiDataProvider.DataProviderwithMethod"/>
  <testcase name="postNewEmployer" time="0.234" classname="RestAssuredApiDataProvider.DataProviderwithMethod"/>
  <testcase name="postNewEmployer" time="2.679" classname="RestAssuredApiDataProvider.DataProviderwithMethod"/>
</testsuite> <!-- RestAssuredApiDataProvider.DataProviderwithMethod -->
