<?xml version="1.0" encoding="UTF-8"?>
<!-- Generated by org.testng.reporters.JUnitReportReporter -->
<testsuite hostname="DESKTOP-CI2T2L0" name="RestAssuredApiTesting.RestAssuredApiTesting.Tc001_Get_Request" tests="1" failures="0" timestamp="20 May 2019 17:22:44 GMT" time="3.145" errors="0">
  <testcase name="getWetherReportDetails" time="3.145" classname="RestAssuredApiTesting.RestAssuredApiTesting.Tc001_Get_Request"/>
</testsuite> <!-- RestAssuredApiTesting.RestAssuredApiTesting.Tc001_Get_Request -->
