<?xml version="1.0" encoding="UTF-8"?>
<!-- Generated by org.testng.reporters.JUnitReportReporter -->
<testsuite hostname="DESKTOP-CI2T2L0" name="RestAssuredApiTesting.RestAssuredApiTesting.Tc004_DataProvider" tests="1" failures="0" timestamp="10 Jun 2019 02:08:16 GMT" time="2.645" errors="0">
  <testcase name="postNewEmployer" time="2.645" classname="RestAssuredApiTesting.RestAssuredApiTesting.Tc004_DataProvider"/>
</testsuite> <!-- RestAssuredApiTesting.RestAssuredApiTesting.Tc004_DataProvider -->
